<?xml version="1.0" encoding="UTF-8"?>
<!-- Generated by org.testng.reporters.JUnitXMLReporter -->
<testsuite ignored="0" hostname="SINDHUJAs-MBP" failures="7" tests="45" name="EmployeesRestAPITest" time="24.185" errors="0" timestamp="2020-01-18T16:18:18 CST">
  <testcase classname="com.EmployeeAPI.TestCases.TC01_GET_AllEmployees" name="checkContentEncoding" time="0.008"/>
  <testcase classname="com.EmployeeAPI.TestCases.TC01_GET_AllEmployees" name="checkContentLength" time="0.001"/>
  <testcase classname="com.EmployeeAPI.TestCases.TC01_GET_AllEmployees" name="checkContentType" time="0.002"/>
  <testcase classname="com.EmployeeAPI.TestCases.TC01_GET_AllEmployees" name="checkCookies" time="0.002"/>
  <testcase classname="com.EmployeeAPI.TestCases.TC01_GET_AllEmployees" name="checkResponseBody" time="0.016"/>
  <testcase classname="com.EmployeeAPI.TestCases.TC01_GET_AllEmployees" name="checkResponseTime" time="0.002"/>
  <testcase classname="com.EmployeeAPI.TestCases.TC01_GET_AllEmployees" name="checkServerType" time="0.001"/>
  <testcase classname="com.EmployeeAPI.TestCases.TC01_GET_AllEmployees" name="checkStatusCode" time="0.001"/>
  <testcase classname="com.EmployeeAPI.TestCases.TC01_GET_AllEmployees" name="checkStatusLine" time="0.018"/>
  <testcase classname="com.EmployeeAPI.TestCases.TC02_GET_SingleEmployeeRecord" name="checkContentEncoding" time="0.003"/>
  <testcase classname="com.EmployeeAPI.TestCases.TC02_GET_SingleEmployeeRecord" name="checkContentLength" time="0.002"/>
  <testcase classname="com.EmployeeAPI.TestCases.TC02_GET_SingleEmployeeRecord" name="checkContentType" time="0.002">
    <failure type="java.lang.AssertionError" message="expected [application/json;charset=utf-8] but found [text/html; charset=UTF-8]">
      <![CDATA[java.lang.AssertionError: expected [application/json;charset=utf-8] but found [text/html; charset=UTF-8]
at com.EmployeeAPI.TestCases.TC02_GET_SingleEmployeeRecord.checkContentType(TC02_GET_SingleEmployeeRecord.java:81)
at java.base/java.util.ArrayList.forEach(ArrayList.java:1507)
... Removed 32 stack frames]]>
    </failure>
  </testcase> <!-- checkContentType -->
  <testcase classname="com.EmployeeAPI.TestCases.TC02_GET_SingleEmployeeRecord" name="checkCookies" time="0.001"/>
  <testcase classname="com.EmployeeAPI.TestCases.TC02_GET_SingleEmployeeRecord" name="checkResponseBody" time="0.003">
    <failure type="java.lang.AssertionError" message="expected [true] but found [false]">
      <![CDATA[java.lang.AssertionError: expected [true] but found [false]
at com.EmployeeAPI.TestCases.TC02_GET_SingleEmployeeRecord.checkResponseBody(TC02_GET_SingleEmployeeRecord.java:33)
at java.base/java.util.ArrayList.forEach(ArrayList.java:1507)
... Removed 32 stack frames]]>
    </failure>
  </testcase> <!-- checkResponseBody -->
  <testcase classname="com.EmployeeAPI.TestCases.TC02_GET_SingleEmployeeRecord" name="checkResponseTime" time="0.001"/>
  <testcase classname="com.EmployeeAPI.TestCases.TC02_GET_SingleEmployeeRecord" name="checkServerType" time="0.001"/>
  <testcase classname="com.EmployeeAPI.TestCases.TC02_GET_SingleEmployeeRecord" name="checkStatusCode" time="0.001"/>
  <testcase classname="com.EmployeeAPI.TestCases.TC02_GET_SingleEmployeeRecord" name="checkStatusLine" time="0.001"/>
  <testcase classname="com.EmployeeAPI.TestCases.TC03_POST_CreateNewEmployeeRecord" name="checkContentEncoding" time="0.002">
    <failure type="java.lang.AssertionError" message="expected [gzip] but found [null]">
      <![CDATA[java.lang.AssertionError: expected [gzip] but found [null]
at com.EmployeeAPI.TestCases.TC03_POST_CreateNewEmployeeRecord.checkContentEncoding(TC03_POST_CreateNewEmployeeRecord.java:119)
at java.base/java.util.ArrayList.forEach(ArrayList.java:1507)
... Removed 33 stack frames]]>
    </failure>
  </testcase> <!-- checkContentEncoding -->
  <testcase classname="com.EmployeeAPI.TestCases.TC03_POST_CreateNewEmployeeRecord" name="checkContentLength" time="0.001"/>
  <testcase classname="com.EmployeeAPI.TestCases.TC03_POST_CreateNewEmployeeRecord" name="checkContentType" time="0.0"/>
  <testcase classname="com.EmployeeAPI.TestCases.TC03_POST_CreateNewEmployeeRecord" name="checkCookies" time="0.0"/>
  <testcase classname="com.EmployeeAPI.TestCases.TC03_POST_CreateNewEmployeeRecord" name="checkResponseBody" time="0.001"/>
  <testcase classname="com.EmployeeAPI.TestCases.TC03_POST_CreateNewEmployeeRecord" name="checkResponseTime" time="0.002"/>
  <testcase classname="com.EmployeeAPI.TestCases.TC03_POST_CreateNewEmployeeRecord" name="checkServerType" time="0.001"/>
  <testcase classname="com.EmployeeAPI.TestCases.TC03_POST_CreateNewEmployeeRecord" name="checkStatusCode" time="0.001"/>
  <testcase classname="com.EmployeeAPI.TestCases.TC03_POST_CreateNewEmployeeRecord" name="checkStatusLine" time="0.001"/>
  <testcase classname="com.EmployeeAPI.TestCases.TC04_PUT_EmployeeRecord" name="checkContentEncoding" time="0.002">
    <failure type="java.lang.AssertionError" message="expected [gzip] but found [null]">
      <![CDATA[java.lang.AssertionError: expected [gzip] but found [null]
at com.EmployeeAPI.TestCases.TC04_PUT_EmployeeRecord.checkContentEncoding(TC04_PUT_EmployeeRecord.java:124)
at java.base/java.util.ArrayList.forEach(ArrayList.java:1507)
... Removed 33 stack frames]]>
    </failure>
  </testcase> <!-- checkContentEncoding -->
  <testcase classname="com.EmployeeAPI.TestCases.TC04_PUT_EmployeeRecord" name="checkContentLength" time="0.001"/>
  <testcase classname="com.EmployeeAPI.TestCases.TC04_PUT_EmployeeRecord" name="checkContentType" time="0.001"/>
  <testcase classname="com.EmployeeAPI.TestCases.TC04_PUT_EmployeeRecord" name="checkCookies" time="0.001"/>
  <testcase classname="com.EmployeeAPI.TestCases.TC04_PUT_EmployeeRecord" name="checkResponseBody" time="0.001">
    <failure type="java.lang.AssertionError" message="expected [true] but found [false]">
      <![CDATA[java.lang.AssertionError: expected [true] but found [false]
at com.EmployeeAPI.TestCases.TC04_PUT_EmployeeRecord.checkResponseBody(TC04_PUT_EmployeeRecord.java:52)
at java.base/java.util.ArrayList.forEach(ArrayList.java:1507)
... Removed 32 stack frames]]>
    </failure>
  </testcase> <!-- checkResponseBody -->
  <testcase classname="com.EmployeeAPI.TestCases.TC04_PUT_EmployeeRecord" name="checkResponseTime" time="0.004"/>
  <testcase classname="com.EmployeeAPI.TestCases.TC04_PUT_EmployeeRecord" name="checkServerType" time="0.001"/>
  <testcase classname="com.EmployeeAPI.TestCases.TC04_PUT_EmployeeRecord" name="checkStatusCode" time="0.001"/>
  <testcase classname="com.EmployeeAPI.TestCases.TC04_PUT_EmployeeRecord" name="checkStatusLine" time="0.0"/>
  <testcase classname="com.EmployeeAPI.TestCases.TC05_DELETE_EmployeeRecord" name="checkContentEncoding" time="0.008">
    <failure type="java.lang.AssertionError" message="expected [gzip] but found [null]">
      <![CDATA[java.lang.AssertionError: expected [gzip] but found [null]
at com.EmployeeAPI.TestCases.TC05_DELETE_EmployeeRecord.checkContentEncoding(TC05_DELETE_EmployeeRecord.java:113)
at java.base/java.util.ArrayList.forEach(ArrayList.java:1507)
... Removed 33 stack frames]]>
    </failure>
  </testcase> <!-- checkContentEncoding -->
  <testcase classname="com.EmployeeAPI.TestCases.TC05_DELETE_EmployeeRecord" name="checkContentLength" time="0.002"/>
  <testcase classname="com.EmployeeAPI.TestCases.TC05_DELETE_EmployeeRecord" name="checkContentType" time="0.001"/>
  <testcase classname="com.EmployeeAPI.TestCases.TC05_DELETE_EmployeeRecord" name="checkCookies" time="0.001"/>
  <testcase classname="com.EmployeeAPI.TestCases.TC05_DELETE_EmployeeRecord" name="checkResponseBody" time="0.002">
    <failure type="java.lang.AssertionError" message="expected [true] but found [false]">
      <![CDATA[java.lang.AssertionError: expected [true] but found [false]
at com.EmployeeAPI.TestCases.TC05_DELETE_EmployeeRecord.checkResponseBody(TC05_DELETE_EmployeeRecord.java:43)
at java.base/java.util.ArrayList.forEach(ArrayList.java:1507)
... Removed 32 stack frames]]>
    </failure>
  </testcase> <!-- checkResponseBody -->
  <testcase classname="com.EmployeeAPI.TestCases.TC05_DELETE_EmployeeRecord" name="checkResponseTime" time="0.001"/>
  <testcase classname="com.EmployeeAPI.TestCases.TC05_DELETE_EmployeeRecord" name="checkServerType" time="0.001"/>
  <testcase classname="com.EmployeeAPI.TestCases.TC05_DELETE_EmployeeRecord" name="checkStatusCode" time="0.001"/>
  <testcase classname="com.EmployeeAPI.TestCases.TC05_DELETE_EmployeeRecord" name="checkStatusLine" time="0.001"/>
</testsuite> <!-- EmployeesRestAPITest -->
