<?xml version="1.0" encoding="UTF-8"?>
<testng-results ignored="0" total="9" passed="9" failed="0" skipped="0">
  <reporter-output>
  </reporter-output>
  <suite started-at="2020-01-20T19:17:00 CST" name="Default suite" finished-at="2020-01-20T19:17:06 CST" duration-ms="5481">
    <groups>
    </groups>
    <test started-at="2020-01-20T19:17:00 CST" name="Default test" finished-at="2020-01-20T19:17:06 CST" duration-ms="5481">
      <class name="com.EmployeeAPI.TestCases.TC01_GET_AllEmployees">
        <test-method is-config="true" signature="setup()[pri:0, instance:com.EmployeeAPI.TestCases.TC01_GET_AllEmployees@7f1302d6]" started-at="2020-01-20T19:17:00 CST" name="setup" finished-at="2020-01-20T19:17:00 CST" duration-ms="68" status="PASS">
          <reporter-output>
          </reporter-output>
        </test-method> <!-- setup -->
        <test-method is-config="true" signature="getAllEmployees()[pri:0, instance:com.EmployeeAPI.TestCases.TC01_GET_AllEmployees@7f1302d6]" started-at="2020-01-20T19:17:00 CST" name="getAllEmployees" finished-at="2020-01-20T19:17:06 CST" duration-ms="5325" status="PASS">
          <reporter-output>
          </reporter-output>
        </test-method> <!-- getAllEmployees -->
        <test-method signature="checkContentEncoding()[pri:0, instance:com.EmployeeAPI.TestCases.TC01_GET_AllEmployees@7f1302d6]" started-at="2020-01-20T19:17:06 CST" name="checkContentEncoding" finished-at="2020-01-20T19:17:06 CST" duration-ms="8" status="PASS">
          <reporter-output>
          </reporter-output>
        </test-method> <!-- checkContentEncoding -->
        <test-method signature="checkContentLength()[pri:0, instance:com.EmployeeAPI.TestCases.TC01_GET_AllEmployees@7f1302d6]" started-at="2020-01-20T19:17:06 CST" name="checkContentLength" finished-at="2020-01-20T19:17:06 CST" duration-ms="1" status="PASS">
          <reporter-output>
          </reporter-output>
        </test-method> <!-- checkContentLength -->
        <test-method signature="checkContentType()[pri:0, instance:com.EmployeeAPI.TestCases.TC01_GET_AllEmployees@7f1302d6]" started-at="2020-01-20T19:17:06 CST" name="checkContentType" finished-at="2020-01-20T19:17:06 CST" duration-ms="1" status="PASS">
          <reporter-output>
          </reporter-output>
        </test-method> <!-- checkContentType -->
        <test-method signature="checkCookies()[pri:0, instance:com.EmployeeAPI.TestCases.TC01_GET_AllEmployees@7f1302d6]" started-at="2020-01-20T19:17:06 CST" name="checkCookies" finished-at="2020-01-20T19:17:06 CST" duration-ms="1" status="PASS">
          <reporter-output>
          </reporter-output>
        </test-method> <!-- checkCookies -->
        <test-method signature="checkResponseBody()[pri:0, instance:com.EmployeeAPI.TestCases.TC01_GET_AllEmployees@7f1302d6]" started-at="2020-01-20T19:17:06 CST" name="checkResponseBody" finished-at="2020-01-20T19:17:06 CST" duration-ms="17" status="PASS">
          <reporter-output>
          </reporter-output>
        </test-method> <!-- checkResponseBody -->
        <test-method signature="checkResponseTime()[pri:0, instance:com.EmployeeAPI.TestCases.TC01_GET_AllEmployees@7f1302d6]" started-at="2020-01-20T19:17:06 CST" name="checkResponseTime" finished-at="2020-01-20T19:17:06 CST" duration-ms="1" status="PASS">
          <reporter-output>
          </reporter-output>
        </test-method> <!-- checkResponseTime -->
        <test-method signature="checkServerType()[pri:0, instance:com.EmployeeAPI.TestCases.TC01_GET_AllEmployees@7f1302d6]" started-at="2020-01-20T19:17:06 CST" name="checkServerType" finished-at="2020-01-20T19:17:06 CST" duration-ms="1" status="PASS">
          <reporter-output>
          </reporter-output>
        </test-method> <!-- checkServerType -->
        <test-method signature="checkStatusCode()[pri:0, instance:com.EmployeeAPI.TestCases.TC01_GET_AllEmployees@7f1302d6]" started-at="2020-01-20T19:17:06 CST" name="checkStatusCode" finished-at="2020-01-20T19:17:06 CST" duration-ms="1" status="PASS">
          <reporter-output>
          </reporter-output>
        </test-method> <!-- checkStatusCode -->
        <test-method signature="checkStatusLine()[pri:0, instance:com.EmployeeAPI.TestCases.TC01_GET_AllEmployees@7f1302d6]" started-at="2020-01-20T19:17:06 CST" name="checkStatusLine" finished-at="2020-01-20T19:17:06 CST" duration-ms="1" status="PASS">
          <reporter-output>
          </reporter-output>
        </test-method> <!-- checkStatusLine -->
        <test-method is-config="true" signature="tearDown()[pri:0, instance:com.EmployeeAPI.TestCases.TC01_GET_AllEmployees@7f1302d6]" started-at="2020-01-20T19:17:06 CST" name="tearDown" finished-at="2020-01-20T19:17:06 CST" duration-ms="1" status="PASS">
          <reporter-output>
          </reporter-output>
        </test-method> <!-- tearDown -->
      </class> <!-- com.EmployeeAPI.TestCases.TC01_GET_AllEmployees -->
    </test> <!-- Default test -->
  </suite> <!-- Default suite -->
</testng-results>
