<?xml version="1.0" encoding="UTF-8"?>
<!-- Generated by org.testng.reporters.JUnitXMLReporter -->
<testsuite ignored="0" hostname="SINDHUJAs-MBP" failures="0" tests="9" name="Default test" time="5.481" errors="0" timestamp="2020-01-20T19:17:06 CST">
  <testcase classname="com.EmployeeAPI.TestCases.TC01_GET_AllEmployees" name="checkContentEncoding" time="0.008"/>
  <testcase classname="com.EmployeeAPI.TestCases.TC01_GET_AllEmployees" name="checkContentLength" time="0.001"/>
  <testcase classname="com.EmployeeAPI.TestCases.TC01_GET_AllEmployees" name="checkContentType" time="0.001"/>
  <testcase classname="com.EmployeeAPI.TestCases.TC01_GET_AllEmployees" name="checkCookies" time="0.001"/>
  <testcase classname="com.EmployeeAPI.TestCases.TC01_GET_AllEmployees" name="checkResponseBody" time="0.017"/>
  <testcase classname="com.EmployeeAPI.TestCases.TC01_GET_AllEmployees" name="checkResponseTime" time="0.001"/>
  <testcase classname="com.EmployeeAPI.TestCases.TC01_GET_AllEmployees" name="checkServerType" time="0.001"/>
  <testcase classname="com.EmployeeAPI.TestCases.TC01_GET_AllEmployees" name="checkStatusCode" time="0.001"/>
  <testcase classname="com.EmployeeAPI.TestCases.TC01_GET_AllEmployees" name="checkStatusLine" time="0.001"/>
</testsuite> <!-- Default test -->
